

Started GET "/" for ::1 at 2016-05-16 22:49:06 +0000
Processing by Rails::WelcomeController#index as HTML
  Rendered /var/lib/gems/2.1.0/gems/railties-4.2.6/lib/rails/templates/rails/welcome/index.html.erb (19.9ms)
Completed 200 OK in 276ms (Views: 129.1ms | ActiveRecord: 0.0ms)


Started GET "/" for ::1 at 2016-05-16 22:50:48 +0000
Processing by Rails::WelcomeController#index as HTML
  Rendered /var/lib/gems/2.1.0/gems/railties-4.2.6/lib/rails/templates/rails/welcome/index.html.erb (0.8ms)
Completed 200 OK in 34ms (Views: 29.8ms | ActiveRecord: 0.0ms)


Started GET "/" for ::1 at 2016-05-17 12:32:39 +0000
Processing by PagesController#home as HTML
Completed 500 Internal Server Error in 164ms (ActiveRecord: 0.0ms)

Errno::ENOENT (No such file or directory @ dir_initialize - /home/pi/files):
  app/controllers/pages_controller.rb:3:in `open'
  app/controllers/pages_controller.rb:3:in `foreach'
  app/controllers/pages_controller.rb:3:in `home'


  Rendered /var/lib/gems/2.1.0/gems/actionpack-4.2.6/lib/action_dispatch/middleware/templates/rescues/_source.erb (151.1ms)
  Rendered /var/lib/gems/2.1.0/gems/actionpack-4.2.6/lib/action_dispatch/middleware/templates/rescues/_trace.html.erb (56.0ms)
  Rendered /var/lib/gems/2.1.0/gems/actionpack-4.2.6/lib/action_dispatch/middleware/templates/rescues/_request_and_response.html.erb (13.9ms)
  Rendered /var/lib/gems/2.1.0/gems/actionpack-4.2.6/lib/action_dispatch/middleware/templates/rescues/diagnostics.html.erb within rescues/layout (372.9ms)
  Rendered /var/lib/gems/2.1.0/gems/web-console-2.3.0/lib/web_console/templates/_markup.html.erb (5.7ms)
  Rendered /var/lib/gems/2.1.0/gems/web-console-2.3.0/lib/web_console/templates/_inner_console_markup.html.erb within layouts/inlined_string (3.9ms)
  Rendered /var/lib/gems/2.1.0/gems/web-console-2.3.0/lib/web_console/templates/_prompt_box_markup.html.erb within layouts/inlined_string (3.8ms)
  Rendered /var/lib/gems/2.1.0/gems/web-console-2.3.0/lib/web_console/templates/style.css.erb within layouts/inlined_string (4.5ms)
  Rendered /var/lib/gems/2.1.0/gems/web-console-2.3.0/lib/web_console/templates/console.js.erb within layouts/javascript (276.7ms)
  Rendered /var/lib/gems/2.1.0/gems/web-console-2.3.0/lib/web_console/templates/main.js.erb within layouts/javascript (3.9ms)
  Rendered /var/lib/gems/2.1.0/gems/web-console-2.3.0/lib/web_console/templates/error_page.js.erb within layouts/javascript (5.4ms)
  Rendered /var/lib/gems/2.1.0/gems/web-console-2.3.0/lib/web_console/templates/index.html.erb (503.9ms)


Started GET "/" for ::1 at 2016-05-17 12:37:11 +0000
Processing by PagesController#home as HTML
Completed 500 Internal Server Error in 162ms (ActiveRecord: 0.0ms)

NoMethodError (undefined method `+' for nil:NilClass):
  app/controllers/pages_controller.rb:4:in `block in home'
  app/controllers/pages_controller.rb:3:in `foreach'
  app/controllers/pages_controller.rb:3:in `home'


  Rendered /var/lib/gems/2.1.0/gems/actionpack-4.2.6/lib/action_dispatch/middleware/templates/rescues/_source.erb (191.2ms)
  Rendered /var/lib/gems/2.1.0/gems/actionpack-4.2.6/lib/action_dispatch/middleware/templates/rescues/_trace.html.erb (56.8ms)
  Rendered /var/lib/gems/2.1.0/gems/actionpack-4.2.6/lib/action_dispatch/middleware/templates/rescues/_request_and_response.html.erb (13.6ms)
  Rendered /var/lib/gems/2.1.0/gems/actionpack-4.2.6/lib/action_dispatch/middleware/templates/rescues/diagnostics.html.erb within rescues/layout (436.2ms)
  Rendered /var/lib/gems/2.1.0/gems/web-console-2.3.0/lib/web_console/templates/_markup.html.erb (5.2ms)
  Rendered /var/lib/gems/2.1.0/gems/web-console-2.3.0/lib/web_console/templates/_inner_console_markup.html.erb within layouts/inlined_string (4.4ms)
  Rendered /var/lib/gems/2.1.0/gems/web-console-2.3.0/lib/web_console/templates/_prompt_box_markup.html.erb within layouts/inlined_string (3.8ms)
  Rendered /var/lib/gems/2.1.0/gems/web-console-2.3.0/lib/web_console/templates/style.css.erb within layouts/inlined_string (4.3ms)
  Rendered /var/lib/gems/2.1.0/gems/web-console-2.3.0/lib/web_console/templates/console.js.erb within layouts/javascript (251.3ms)
  Rendered /var/lib/gems/2.1.0/gems/web-console-2.3.0/lib/web_console/templates/main.js.erb within layouts/javascript (4.0ms)
  Rendered /var/lib/gems/2.1.0/gems/web-console-2.3.0/lib/web_console/templates/error_page.js.erb within layouts/javascript (5.7ms)
  Rendered /var/lib/gems/2.1.0/gems/web-console-2.3.0/lib/web_console/templates/index.html.erb (452.2ms)
